This is pdfeTeX, Version 3.141592-1.30.4-2.2 (Web2C 7.5.5) (format=pdflatex 2006.6.3)  11 NOV 2009 09:10
entering extended mode
\write18 enabled.
**lncs-paper.tex
(./lncs-paper.tex
LaTeX2e <2005/12/01>
Babel <v3.8d> and hyphenation patterns for american, french, german, ngerman, d
utch, italian, norsk, portuges, spanish, swedish, nohyphenation, loaded.
(./llncs.cls
Document Class: llncs 2004/08/17 v2.14 
 LaTeX document class for Lecture Notes in Computer Science
(/usr/local/teTeX/share/texmf.local/tex/latex/base/article.cls
Document Class: article 2005/09/16 v1.4f Standard LaTeX document class
(/usr/local/teTeX/share/texmf.local/tex/latex/base/size10.clo
File: size10.clo 2005/09/16 v1.4f Standard LaTeX file (size option)
)
\c@part=\count79
\c@section=\count80
\c@subsection=\count81
\c@subsubsection=\count82
\c@paragraph=\count83
\c@subparagraph=\count84
\c@figure=\count85
\c@table=\count86
\abovecaptionskip=\skip41
\belowcaptionskip=\skip42
\bibindent=\dimen102
)
(/usr/local/teTeX/share/texmf.local/tex/latex/tools/multicol.sty
Package: multicol 2006/02/23 v1.6g multicolumn formatting (FMi)
\c@tracingmulticols=\count87
\mult@box=\box26
\multicol@leftmargin=\dimen103
\c@unbalance=\count88
\c@collectmore=\count89
\doublecol@number=\count90
\multicoltolerance=\count91
\multicolpretolerance=\count92
\full@width=\dimen104
\page@free=\dimen105
\premulticols=\dimen106
\postmulticols=\dimen107
\multicolsep=\skip43
\multicolbaselineskip=\skip44
\partial@page=\box27
\last@line=\box28
\mult@rightbox=\box29
\mult@grightbox=\box30
\mult@gfirstbox=\box31
\mult@firstbox=\box32
\@tempa=\box33
\@tempa=\box34
\@tempa=\box35
\@tempa=\box36
\@tempa=\box37
\@tempa=\box38
\@tempa=\box39
\@tempa=\box40
\@tempa=\box41
\@tempa=\box42
\@tempa=\box43
\@tempa=\box44
\@tempa=\box45
\@tempa=\box46
\@tempa=\box47
\@tempa=\box48
\@tempa=\box49
\c@columnbadness=\count93
\c@finalcolumnbadness=\count94
\last@try=\dimen108
\multicolovershoot=\dimen109
\multicolundershoot=\dimen110
\mult@nat@firstbox=\box50
\colbreak@box=\box51
)
\c@chapter=\count95
LaTeX Font Info:    Redeclaring math symbol \Gamma on input line 360.
LaTeX Font Info:    Redeclaring math symbol \Delta on input line 361.
LaTeX Font Info:    Redeclaring math symbol \Theta on input line 362.
LaTeX Font Info:    Redeclaring math symbol \Lambda on input line 363.
LaTeX Font Info:    Redeclaring math symbol \Xi on input line 364.
LaTeX Font Info:    Redeclaring math symbol \Pi on input line 365.
LaTeX Font Info:    Redeclaring math symbol \Sigma on input line 366.
LaTeX Font Info:    Redeclaring math symbol \Upsilon on input line 367.
LaTeX Font Info:    Redeclaring math symbol \Phi on input line 368.
LaTeX Font Info:    Redeclaring math symbol \Psi on input line 369.
LaTeX Font Info:    Redeclaring math symbol \Omega on input line 370.
\tocchpnum=\dimen111
\tocsecnum=\dimen112
\tocsectotal=\dimen113
\tocsubsecnum=\dimen114
\tocsubsectotal=\dimen115
\tocsubsubsecnum=\dimen116
\tocsubsubsectotal=\dimen117
\tocparanum=\dimen118
\tocparatotal=\dimen119
\tocsubparanum=\dimen120
\@tempcntc=\count96
\fnindent=\dimen121
\c@@inst=\count97
\c@@auth=\count98
\c@auco=\count99
\instindent=\dimen122
\authrun=\box52
\authorrunning=\toks14
\tocauthor=\toks15
\titrun=\box53
\titlerunning=\toks16
\toctitle=\toks17
\c@theorem=\count100
\c@case=\count101
\c@conjecture=\count102
\c@corollary=\count103
\c@definition=\count104
\c@example=\count105
\c@exercise=\count106
\c@lemma=\count107
\c@note=\count108
\c@problem=\count109
\c@property=\count110
\c@proposition=\count111
\c@question=\count112
\c@solution=\count113
\c@remark=\count114
\headlineindent=\dimen123
)
(/usr/local/teTeX/share/texmf.tetex/tex/latex/psnfss/times.sty
Package: times 2004/09/15 PSNFSS-v9.2 (SPQR) 
)
(/usr/local/teTeX/share/texmf.local/tex/latex/base/fontenc.sty
Package: fontenc 2005/09/27 v1.99g Standard LaTeX package

(/usr/local/teTeX/share/texmf.local/tex/latex/base/t1enc.def
File: t1enc.def 2005/09/27 v1.99g Standard LaTeX file
LaTeX Font Info:    Redeclaring font encoding T1 on input line 43.
))
(/usr/local/teTeX/share/texmf.local/tex/latex/base/inputenc.sty
Package: inputenc 2006/03/04 v1.1b Input encoding file
\inpenc@prehook=\toks18
\inpenc@posthook=\toks19

(/usr/local/teTeX/share/texmf.local/tex/latex/base/applemac.def
File: applemac.def 2006/03/04 v1.1b Input encoding file
))
(/usr/local/teTeX/share/texmf.tetex/tex/latex/ntgclass/a4.sty
Package: a4 2004/04/15 v1.2g A4 based page layout
)
(/usr/local/teTeX/share/texmf.tetex/tex/latex/oberdiek/epstopdf.sty
Package: epstopdf 2001/02/04 v1.1 Conversion with epstopdf on the fly (HO)


Package epstopdf Warning: No graphics package `graphic{s,x}' loaded.

) (/usr/local/teTeX/share/texmf.local/tex/latex/graphics/graphicx.sty
Package: graphicx 1999/02/16 v1.0f Enhanced LaTeX Graphics (DPC,SPQR)

(/usr/local/teTeX/share/texmf.local/tex/latex/graphics/keyval.sty
Package: keyval 1999/03/16 v1.13 key=value parser (DPC)
\KV@toks@=\toks20
)
(/usr/local/teTeX/share/texmf.local/tex/latex/graphics/graphics.sty
Package: graphics 2006/02/20 v1.0o Standard LaTeX Graphics (DPC,SPQR)

(/usr/local/teTeX/share/texmf.local/tex/latex/graphics/trig.sty
Package: trig 1999/03/16 v1.09 sin cos tan (DPC)
)
(/usr/local/teTeX/share/texmf.tetex/tex/latex/graphics/graphics.cfg
File: graphics.cfg 2005/02/03 v1.3 graphics configuration of teTeX/TeXLive
)
Package graphics Info: Driver file: pdftex.def on input line 90.

(/usr/local/teTeX/share/texmf.tetex/tex/latex/graphics/pdftex.def
File: pdftex.def 2002/06/19 v0.03k graphics/color for pdftex
\Gread@gobject=\count115
))
\Gin@req@height=\dimen124
\Gin@req@width=\dimen125
)
(/usr/local/teTeX/share/texmf.tetex/tex/latex/fancyvrb/fancyvrb.sty
Package: fancyvrb 1998/07/17

Style option: `fancyvrb' v2.6, with DG/SPQR fixes <1998/07/17> (tvz)
\FV@CodeLineNo=\count116
\FV@InFile=\read1
\FV@TabBox=\box54
\c@FancyVerbLine=\count117
\FV@StepNumber=\count118
\FV@OutFile=\write3

No file fancyvrb.cfg.
) (/usr/local/teTeX/share/texmf.tetex/tex/latex/amsmath/amsmath.sty
Package: amsmath 2000/07/18 v2.13 AMS math features
\@mathmargin=\skip45

For additional information on amsmath, use the `?' option.
(/usr/local/teTeX/share/texmf.tetex/tex/latex/amsmath/amstext.sty
Package: amstext 2000/06/29 v2.01

(/usr/local/teTeX/share/texmf.tetex/tex/latex/amsmath/amsgen.sty
File: amsgen.sty 1999/11/30 v2.0
\@emptytoks=\toks21
\ex@=\dimen126
))
(/usr/local/teTeX/share/texmf.tetex/tex/latex/amsmath/amsbsy.sty
Package: amsbsy 1999/11/29 v1.2d
\pmbraise@=\dimen127
)
(/usr/local/teTeX/share/texmf.tetex/tex/latex/amsmath/amsopn.sty
Package: amsopn 1999/12/14 v2.01 operator names
)
\inf@bad=\count119
LaTeX Info: Redefining \frac on input line 211.
\uproot@=\count120
\leftroot@=\count121
LaTeX Info: Redefining \overline on input line 307.
\classnum@=\count122
\DOTSCASE@=\count123
LaTeX Info: Redefining \ldots on input line 379.
LaTeX Info: Redefining \dots on input line 382.
LaTeX Info: Redefining \cdots on input line 467.
\Mathstrutbox@=\box55
\strutbox@=\box56
\big@size=\dimen128
LaTeX Font Info:    Redeclaring font encoding OML on input line 567.
LaTeX Font Info:    Redeclaring font encoding OMS on input line 568.


Package amsmath Warning: Unable to redefine math accent \vec.

\macc@depth=\count124
\c@MaxMatrixCols=\count125
\dotsspace@=\muskip10
\c@parentequation=\count126
\dspbrk@lvl=\count127
\tag@help=\toks22
\row@=\count128
\column@=\count129
\maxfields@=\count130
\andhelp@=\toks23
\eqnshift@=\dimen129
\alignsep@=\dimen130
\tagshift@=\dimen131
\tagwidth@=\dimen132
\totwidth@=\dimen133
\lineht@=\dimen134
\@envbody=\toks24
\multlinegap=\skip46
\multlinetaggap=\skip47
\mathdisplay@stack=\toks25
LaTeX Info: Redefining \[ on input line 2666.
LaTeX Info: Redefining \] on input line 2667.
) (./lncs-paper.aux)
\openout1 = `lncs-paper.aux'.

LaTeX Font Info:    Checking defaults for OML/cmm/m/it on input line 16.
LaTeX Font Info:    ... okay on input line 16.
LaTeX Font Info:    Checking defaults for T1/cmr/m/n on input line 16.
LaTeX Font Info:    ... okay on input line 16.
LaTeX Font Info:    Checking defaults for OT1/cmr/m/n on input line 16.
LaTeX Font Info:    ... okay on input line 16.
LaTeX Font Info:    Checking defaults for OMS/cmsy/m/n on input line 16.
LaTeX Font Info:    ... okay on input line 16.
LaTeX Font Info:    Checking defaults for OMX/cmex/m/n on input line 16.
LaTeX Font Info:    ... okay on input line 16.
LaTeX Font Info:    Checking defaults for U/cmr/m/n on input line 16.
LaTeX Font Info:    ... okay on input line 16.
LaTeX Font Info:    Try loading font information for T1+ptm on input line 16.

(/usr/local/teTeX/share/texmf.tetex/tex/latex/psnfss/t1ptm.fd
File: t1ptm.fd 2001/06/04 font definitions for T1/ptm.
)
(/usr/local/teTeX/share/texmf.tetex/tex/context/base/supp-pdf.tex
(/usr/local/teTeX/share/texmf.tetex/tex/context/base/supp-mis.tex
loading : Context Support Macros / Miscellaneous (2004.10.26)
\protectiondepth=\count131
\scratchcounter=\count132
\scratchtoks=\toks26
\scratchdimen=\dimen135
\scratchskip=\skip48
\scratchmuskip=\muskip11
\scratchbox=\box57
\scratchread=\read2
\scratchwrite=\write4
\zeropoint=\dimen136
\onepoint=\dimen137
\onebasepoint=\dimen138
\minusone=\count133
\thousandpoint=\dimen139
\onerealpoint=\dimen140
\emptytoks=\toks27
\nextbox=\box58
\nextdepth=\dimen141
\everyline=\toks28
\!!counta=\count134
\!!countb=\count135
\recursecounter=\count136
)
loading : Context Support Macros / PDF (2004.03.26)
\nofMPsegments=\count137
\nofMParguments=\count138
\MPscratchCnt=\count139
\MPscratchDim=\dimen142
\MPnumerator=\count140
\everyMPtoPDFconversion=\toks29
)
LaTeX Font Info:    Font shape `T1/ptm/bx/n' in size <14.4> not available
(Font)              Font shape `T1/ptm/b/n' tried instead on input line 34.
LaTeX Font Info:    Font shape `T1/ptm/bx/n' in size <9> not available
(Font)              Font shape `T1/ptm/b/n' tried instead on input line 35.
LaTeX Font Info:    Font shape `T1/ptm/bx/n' in size <12> not available
(Font)              Font shape `T1/ptm/b/n' tried instead on input line 39.
LaTeX Font Info:    Font shape `T1/ptm/bx/n' in size <10> not available
(Font)              Font shape `T1/ptm/b/n' tried instead on input line 48.
 [1


{/usr/local/teTeX/share/texmf.local/fonts/map/pdftex/updmap/pdftex.map}]
(./lncs-paper.aux) ) 
Here is how much of TeX's memory you used:
 2545 strings out of 95125
 31288 string characters out of 1182970
 2087005 words of memory out of 4541758
 5694 multiletter control sequences out of 10000+50000
 27076 words of font info for 39 fonts, out of 2000000 for 2000
 58 hyphenation exceptions out of 5000
 29i,7n,21p,309b,206s stack positions out of 5000i,500n,6000p,200000b,40000s
PDF statistics:
 10 PDF objects out of 300000
 0 named destinations out of 131072
 1 words of extra memory for PDF output out of 10000
{/usr/local/teTeX/share/texmf.tetex/fonts/enc/dvips/psnfss/
8r.enc}</usr/local/teTeX/share/texmf.tetex/fonts/type1/urw/times/utmr8a.pfb></u
sr/local/teTeX/share/texmf.tetex/fonts/type1/urw/times/utmb8a.pfb>
Output written on lncs-paper.pdf (1 page, 34768 bytes).
